2020-10-29 16:19:25,436 [INFO] driver: ********** This is the SETUP fixture to run before your scope of your fixture **********
2020-10-29 16:19:29,300 [INFO] test_createaccount_case1: test_createaccount started ...
2020-10-29 16:19:29,302 [ERROR] test_createaccount_case1: I am an exceptional case
2020-10-29 16:19:29,303 [WARNING] test_createaccount_case1: Something does not seem to be right, but not an error
2020-10-29 16:19:29,303 [CRITICAL] test_createaccount_case1: WOUUUW STOP NOW, CAN NOT RUN ANYTHING
2020-10-29 16:19:32,593 [INFO] click_element_by_xpath: clicking the element
2020-10-29 16:19:35,984 [INFO] enter_text_by_xpath: entering thje following text: 12345abcd@email.com
2020-10-29 16:19:36,165 [INFO] enter_email: email entered 12345abcd@email.com
2020-10-29 16:19:36,197 [INFO] click_element_by_xpath: clicking the element
2020-10-29 16:19:38,723 [INFO] click_element_by_xpath: clicking the element
2020-10-29 16:19:40,824 [INFO] enter_text_by_xpath: entering thje following text: Alexa
2020-10-29 16:19:42,913 [INFO] enter_name: First name entered Alexa
2020-10-29 16:19:42,956 [INFO] enter_text_by_xpath: entering thje following text: Smith
2020-10-29 16:19:45,034 [INFO] enter_lastname: Last name entered Smith
2020-10-29 16:19:45,074 [INFO] enter_text_by_xpath: entering thje following text: $Password001
2020-10-29 16:19:47,182 [INFO] create_password: Password entered $Password001
2020-10-29 16:19:49,282 [INFO] select_day: Selected: 15
2020-10-29 16:19:51,372 [INFO] select_month: Selected: 2
2020-10-29 16:19:53,459 [INFO] select_year: Selected: 1988
2020-10-29 16:19:53,499 [INFO] enter_text_by_xpath: entering thje following text: 1111 86th St
2020-10-29 16:19:55,613 [INFO] input_address: Address entered 1111 86th St
2020-10-29 16:19:55,656 [INFO] enter_text_by_xpath: entering thje following text: Brooklyn
2020-10-29 16:19:57,732 [INFO] input_city: City entered Brooklyn
2020-10-29 16:19:59,857 [INFO] click_state: Selected: 32 value
2020-10-29 16:19:59,900 [INFO] enter_text_by_xpath: entering thje following text: 11214
2020-10-29 16:20:01,986 [INFO] enter_zip: Zip code entered 11214
2020-10-29 16:20:02,029 [INFO] enter_text_by_xpath: entering thje following text: 9999999999
2020-10-29 16:20:04,120 [INFO] enter_phone: Mobile phone entered 9999999999
2020-10-29 16:20:04,158 [INFO] click_element_by_xpath: clicking the element
2020-10-29 16:20:07,353 [INFO] driver: ******** This is the TEARDOWN steps after each of your scope *************
2020-10-29 16:20:07,358 [INFO] driver: Current url: http://automationpractice.com/index.php?controller=my-account
2020-10-29 16:20:07,362 [INFO] driver: Current title: My account - My Store
2020-10-29 16:20:07,363 [INFO] driver: Current win_handle: CDwindow-EF118B4B7F38552F7FD784F79F1BB10E
2020-10-29 16:20:07,363 [INFO] driver: Current name: chrome
2020-10-29 16:20:07,577 [INFO] driver: browser is closed
2020-10-29 16:20:07,579 [INFO] driver: ******** TEARDOWN completed *************
2020-10-29 16:25:11,132 [INFO] driver: ********** This is the SETUP fixture to run before your scope of your fixture **********
2020-10-29 16:25:14,474 [INFO] test_createaccount_case1: test_createaccount started ...
2020-10-29 16:25:14,474 [ERROR] test_createaccount_case1: I am an exceptional case
2020-10-29 16:25:14,475 [WARNING] test_createaccount_case1: Something does not seem to be right, but not an error
2020-10-29 16:25:14,475 [CRITICAL] test_createaccount_case1: WOUUUW STOP NOW, CAN NOT RUN ANYTHING
2020-10-29 16:25:17,371 [INFO] click_element_by_xpath: clicking the element
2020-10-29 16:25:20,333 [INFO] enter_text_by_xpath: entering thje following text: 123456abcd@email.com
2020-10-29 16:25:20,496 [INFO] enter_email: email entered 123456abcd@email.com
2020-10-29 16:25:20,527 [INFO] click_element_by_xpath: clicking the element
2020-10-29 16:25:22,627 [INFO] click_element_by_xpath: clicking the element
2020-10-29 16:25:24,726 [INFO] enter_text_by_xpath: entering thje following text: Alexa
2020-10-29 16:25:26,805 [INFO] enter_name: First name entered Alexa
2020-10-29 16:25:26,843 [INFO] enter_text_by_xpath: entering thje following text: Smith
2020-10-29 16:25:28,907 [INFO] enter_lastname: Last name entered Smith
2020-10-29 16:25:28,954 [INFO] enter_text_by_xpath: entering thje following text: $Password001
2020-10-29 16:25:31,069 [INFO] create_password: Password entered $Password001
2020-10-29 16:25:33,162 [INFO] select_day: Selected: 15
2020-10-29 16:25:35,252 [INFO] select_month: Selected: 2
2020-10-29 16:25:37,335 [INFO] select_year: Selected: 1988
2020-10-29 16:25:37,377 [INFO] enter_text_by_xpath: entering thje following text: 1111 86th St
2020-10-29 16:25:39,496 [INFO] input_address: Address entered 1111 86th St
2020-10-29 16:25:39,536 [INFO] enter_text_by_xpath: entering thje following text: Brooklyn
2020-10-29 16:25:41,611 [INFO] input_city: City entered Brooklyn
2020-10-29 16:25:43,704 [INFO] click_state: Selected: 32 value
2020-10-29 16:25:43,749 [INFO] enter_text_by_xpath: entering thje following text: 11214
2020-10-29 16:25:45,829 [INFO] enter_zip: Zip code entered 11214
2020-10-29 16:25:45,868 [INFO] enter_text_by_xpath: entering thje following text: 9999999999
2020-10-29 16:25:47,959 [INFO] enter_phone: Mobile phone entered 9999999999
2020-10-29 16:25:47,998 [INFO] click_element_by_xpath: clicking the element
2020-10-29 16:25:51,496 [INFO] driver: ******** This is the TEARDOWN steps after each of your scope *************
2020-10-29 16:25:51,501 [INFO] driver: Current url: http://automationpractice.com/index.php?controller=my-account
2020-10-29 16:25:51,506 [INFO] driver: Current title: My account - My Store
2020-10-29 16:25:51,509 [INFO] driver: Current win_handle: CDwindow-4F857CFFCC8E3CE821FA4E07DC5F3FA3
2020-10-29 16:25:51,510 [INFO] driver: Current name: chrome
2020-10-29 16:25:51,698 [INFO] driver: browser is closed
2020-10-29 16:25:51,699 [INFO] driver: ******** TEARDOWN completed *************
2020-10-29 16:28:58,437 [INFO] driver: ********** This is the SETUP fixture to run before your scope of your fixture **********
2020-10-29 16:29:01,629 [INFO] test_createaccount_case1: test_createaccount started ...
2020-10-29 16:29:01,629 [ERROR] test_createaccount_case1: I am an exceptional case
2020-10-29 16:29:01,630 [WARNING] test_createaccount_case1: Something does not seem to be right, but not an error
2020-10-29 16:29:01,630 [CRITICAL] test_createaccount_case1: WOUUUW STOP NOW, CAN NOT RUN ANYTHING
2020-10-29 16:29:04,550 [INFO] click_element_by_xpath: clicking the element
2020-10-29 16:29:07,515 [INFO] enter_text_by_xpath: entering the following text: 123456abcde@email.com
2020-10-29 16:29:07,688 [INFO] enter_email: email entered 123456abcde@email.com
2020-10-29 16:29:07,721 [INFO] click_element_by_xpath: clicking the element
2020-10-29 16:29:09,827 [INFO] click_element_by_xpath: clicking the element
2020-10-29 16:29:11,925 [INFO] enter_text_by_xpath: entering the following text: Alexa
2020-10-29 16:29:14,010 [INFO] enter_name: First name entered Alexa
2020-10-29 16:29:14,051 [INFO] enter_text_by_xpath: entering the following text: Smith
2020-10-29 16:29:16,140 [INFO] enter_lastname: Last name entered Smith
2020-10-29 16:29:16,183 [INFO] enter_text_by_xpath: entering the following text: $Password001
2020-10-29 16:29:18,285 [INFO] create_password: Password entered $Password001
2020-10-29 16:29:20,380 [INFO] select_day: Selected: 15
2020-10-29 16:29:22,473 [INFO] select_month: Selected: 2
2020-10-29 16:29:24,561 [INFO] select_year: Selected: 1988
2020-10-29 16:29:24,601 [INFO] enter_text_by_xpath: entering the following text: 1111 86th St
2020-10-29 16:29:26,701 [INFO] input_address: Address entered 1111 86th St
2020-10-29 16:29:26,746 [INFO] enter_text_by_xpath: entering the following text: Brooklyn
2020-10-29 16:29:28,822 [INFO] input_city: City entered Brooklyn
2020-10-29 16:29:30,919 [INFO] click_state: Selected: 32 value
2020-10-29 16:29:30,961 [INFO] enter_text_by_xpath: entering the following text: 11214
2020-10-29 16:29:33,033 [INFO] enter_zip: Zip code entered 11214
2020-10-29 16:29:33,087 [INFO] enter_text_by_xpath: entering the following text: 9999999999
2020-10-29 16:29:35,192 [INFO] enter_phone: Mobile phone entered 9999999999
2020-10-29 16:29:35,233 [INFO] click_element_by_xpath: clicking the element
2020-10-29 16:29:39,413 [INFO] driver: ******** This is the TEARDOWN steps after each of your scope *************
2020-10-29 16:29:39,417 [INFO] driver: Current url: http://automationpractice.com/index.php?controller=my-account
2020-10-29 16:29:39,422 [INFO] driver: Current title: My account - My Store
2020-10-29 16:29:39,423 [INFO] driver: Current win_handle: CDwindow-B4390D12BDD2FF261D3E62A7D1F4BDBE
2020-10-29 16:29:39,423 [INFO] driver: Current name: chrome
2020-10-29 16:29:39,617 [INFO] driver: browser is closed
2020-10-29 16:29:39,617 [INFO] driver: ******** TEARDOWN completed *************
2020-10-29 16:32:00,480 [INFO] driver: ********** This is the SETUP fixture to run before your scope of your fixture **********
2020-10-29 16:32:03,868 [INFO] test_createaccount_case1: test_createaccount started ...
2020-10-29 16:32:03,869 [ERROR] test_createaccount_case1: I am an exceptional case
2020-10-29 16:32:03,870 [WARNING] test_createaccount_case1: Something does not seem to be right, but not an error
2020-10-29 16:32:03,870 [CRITICAL] test_createaccount_case1: WOUUUW STOP NOW, CAN NOT RUN ANYTHING
2020-10-29 16:32:06,423 [INFO] click_element_by_xpath: clicking the element
2020-10-29 16:32:09,567 [INFO] enter_text_by_xpath: entering the following text: 123456abcde@email.com
2020-10-29 16:32:09,722 [INFO] enter_email: email entered 123456abcde@email.com
2020-10-29 16:32:09,761 [INFO] click_element_by_xpath: clicking the element
2020-10-29 16:32:17,542 [INFO] driver: ******** This is the TEARDOWN steps after each of your scope *************
2020-10-29 16:32:17,543 [WARNING] urlopen: Retrying (Retry(total=2, connect=None, read=None, redirect=None, status=None)) after connection broken by 'NewConnectionError('<urllib3.connection.HTTPConnection object at 0x7ff3fc33d820>: Failed to establish a new connection: [Errno 61] Connection refused')': /session/c124c017849ca17911a30d9d6fb04cb0/url
2020-10-29 16:32:17,544 [WARNING] urlopen: Retrying (Retry(total=1, connect=None, read=None, redirect=None, status=None)) after connection broken by 'NewConnectionError('<urllib3.connection.HTTPConnection object at 0x7ff3fc33d7c0>: Failed to establish a new connection: [Errno 61] Connection refused')': /session/c124c017849ca17911a30d9d6fb04cb0/url
2020-10-29 16:32:17,544 [WARNING] urlopen: Retrying (Retry(total=0, connect=None, read=None, redirect=None, status=None)) after connection broken by 'NewConnectionError('<urllib3.connection.HTTPConnection object at 0x7ff3fc33d550>: Failed to establish a new connection: [Errno 61] Connection refused')': /session/c124c017849ca17911a30d9d6fb04cb0/url
2020-10-29 16:32:20,997 [INFO] driver: ********** This is the SETUP fixture to run before your scope of your fixture **********
2020-10-29 16:32:23,635 [INFO] test_createaccount_case1: test_createaccount started ...
2020-10-29 16:32:23,635 [ERROR] test_createaccount_case1: I am an exceptional case
2020-10-29 16:32:23,636 [WARNING] test_createaccount_case1: Something does not seem to be right, but not an error
2020-10-29 16:32:23,636 [CRITICAL] test_createaccount_case1: WOUUUW STOP NOW, CAN NOT RUN ANYTHING
2020-10-29 16:32:26,226 [INFO] click_element_by_xpath: clicking the element
2020-10-29 16:32:29,353 [INFO] enter_text_by_xpath: entering the following text: 1234564abcde@email.com
2020-10-29 16:32:29,546 [INFO] enter_email: email entered 1234564abcde@email.com
2020-10-29 16:32:29,579 [INFO] click_element_by_xpath: clicking the element
2020-10-29 16:32:31,682 [INFO] click_element_by_xpath: clicking the element
2020-10-29 16:32:33,767 [INFO] enter_text_by_xpath: entering the following text: Alexa
2020-10-29 16:32:35,856 [INFO] enter_name: First name entered Alexa
2020-10-29 16:32:35,897 [INFO] enter_text_by_xpath: entering the following text: Smith
2020-10-29 16:32:37,993 [INFO] enter_lastname: Last name entered Smith
2020-10-29 16:32:38,034 [INFO] enter_text_by_xpath: entering the following text: $Password001
2020-10-29 16:32:40,151 [INFO] create_password: Password entered $Password001
2020-10-29 16:32:42,263 [INFO] select_day: Selected: 15
2020-10-29 16:32:44,357 [INFO] select_month: Selected: 2
2020-10-29 16:32:46,450 [INFO] select_year: Selected: 1988
2020-10-29 16:32:46,489 [INFO] enter_text_by_xpath: entering the following text: 1111 86th St
2020-10-29 16:32:48,596 [INFO] input_address: Address entered 1111 86th St
2020-10-29 16:32:48,636 [INFO] enter_text_by_xpath: entering the following text: Brooklyn
2020-10-29 16:32:50,711 [INFO] input_city: City entered Brooklyn
2020-10-29 16:32:52,797 [INFO] click_state: Selected: 32 value
2020-10-29 16:32:52,839 [INFO] enter_text_by_xpath: entering the following text: 11214
2020-10-29 16:32:54,932 [INFO] enter_zip: Zip code entered 11214
2020-10-29 16:32:54,972 [INFO] enter_text_by_xpath: entering the following text: 9999999999
2020-10-29 16:32:57,071 [INFO] enter_phone: Mobile phone entered 9999999999
2020-10-29 16:32:57,113 [INFO] click_element_by_xpath: clicking the element
2020-10-29 16:33:01,179 [INFO] driver: ******** This is the TEARDOWN steps after each of your scope *************
2020-10-29 16:33:01,184 [INFO] driver: Current url: http://automationpractice.com/index.php?controller=my-account
2020-10-29 16:33:01,191 [INFO] driver: Current title: My account - My Store
2020-10-29 16:33:01,193 [INFO] driver: Current win_handle: CDwindow-4235F52E271F836442CC3D87BDB3E843
2020-10-29 16:33:01,193 [INFO] driver: Current name: chrome
2020-10-29 16:33:01,405 [INFO] driver: browser is closed
2020-10-29 16:33:01,405 [INFO] driver: ******** TEARDOWN completed *************
2020-10-29 16:35:00,609 [INFO] driver: ********** This is the SETUP fixture to run before your scope of your fixture **********
2020-10-29 16:35:04,065 [INFO] test_createaccount_case1: test_createaccount started ...
2020-10-29 16:35:04,066 [ERROR] test_createaccount_case1: I am an exceptional case
2020-10-29 16:35:04,066 [WARNING] test_createaccount_case1: Something does not seem to be right, but not an error
2020-10-29 16:35:04,066 [CRITICAL] test_createaccount_case1: WOUUUW STOP NOW, CAN NOT RUN ANYTHING
2020-10-29 16:35:07,393 [INFO] click_element_by_xpath: clicking the element
2020-10-29 16:35:10,587 [INFO] enter_text_by_xpath: entering the following text: 1234564bcde@email.com
2020-10-29 16:35:10,760 [INFO] enter_email: email entered 1234564bcde@email.com
2020-10-29 16:35:10,794 [INFO] click_element_by_xpath: clicking the element
2020-10-29 16:35:12,967 [INFO] click_element_by_xpath: clicking the element
2020-10-29 16:35:15,058 [INFO] enter_text_by_xpath: entering the following text: Alexa
2020-10-29 16:35:17,149 [INFO] enter_name: First name entered Alexa
2020-10-29 16:35:17,189 [INFO] enter_text_by_xpath: entering the following text: Smith
2020-10-29 16:35:19,265 [INFO] enter_lastname: Last name entered Smith
2020-10-29 16:35:19,304 [INFO] enter_text_by_xpath: entering the following text: $Password001
2020-10-29 16:35:21,413 [INFO] create_password: Password entered $Password001
2020-10-29 16:35:23,514 [INFO] select_day: Selected: 15
2020-10-29 16:35:25,599 [INFO] select_month: Selected: 2
2020-10-29 16:35:27,689 [INFO] select_year: Selected: 1988
2020-10-29 16:35:27,729 [INFO] enter_text_by_xpath: entering the following text: 1111 86th St
2020-10-29 16:35:29,837 [INFO] input_address: Address entered 1111 86th St
2020-10-29 16:35:29,876 [INFO] enter_text_by_xpath: entering the following text: Brooklyn
2020-10-29 16:35:31,941 [INFO] input_city: City entered Brooklyn
2020-10-29 16:35:34,020 [INFO] click_state: Selected: 32 value
2020-10-29 16:35:34,060 [INFO] enter_text_by_xpath: entering the following text: 11214
2020-10-29 16:35:36,142 [INFO] enter_zip: Zip code entered 11214
2020-10-29 16:35:36,190 [INFO] enter_text_by_xpath: entering the following text: 9999999999
2020-10-29 16:35:38,310 [INFO] enter_phone: Mobile phone entered 9999999999
2020-10-29 16:35:38,352 [INFO] click_element_by_xpath: clicking the element
2020-10-29 16:35:41,946 [INFO] driver: ******** This is the TEARDOWN steps after each of your scope *************
2020-10-29 16:35:41,951 [INFO] driver: Current url: http://automationpractice.com/index.php?controller=my-account
2020-10-29 16:35:41,955 [INFO] driver: Current title: My account - My Store
2020-10-29 16:35:41,956 [INFO] driver: Current win_handle: CDwindow-A7C71C9EA2DFDB75B924E410B3E2F83C
2020-10-29 16:35:41,956 [INFO] driver: Current name: chrome
2020-10-29 16:35:42,158 [INFO] driver: browser is closed
2020-10-29 16:35:42,159 [INFO] driver: ******** TEARDOWN completed *************
2020-10-29 16:37:53,873 [INFO] driver: ********** This is the SETUP fixture to run before your scope of your fixture **********
2020-10-29 16:37:57,393 [INFO] test_createaccount_case1: test_createaccount started ...
2020-10-29 16:37:57,394 [ERROR] test_createaccount_case1: I am an exceptional case
2020-10-29 16:37:57,394 [WARNING] test_createaccount_case1: Something does not seem to be right, but not an error
2020-10-29 16:37:57,395 [CRITICAL] test_createaccount_case1: WOUUUW STOP NOW, CAN NOT RUN ANYTHING
2020-10-29 16:38:00,897 [INFO] click_element_by_xpath: clicking the element
2020-10-29 16:38:03,964 [INFO] enter_text_by_xpath: entering the following text: 124564bcde@email.com
2020-10-29 16:38:04,136 [INFO] enter_email: email entered 124564bcde@email.com
2020-10-29 16:38:04,179 [INFO] click_element_by_xpath: clicking the element
2020-10-29 16:38:06,299 [INFO] click_element_by_xpath: clicking the element
2020-10-29 16:38:08,387 [INFO] enter_text_by_xpath: entering the following text: Alexa
2020-10-29 16:38:10,472 [INFO] enter_name: First name entered Alexa
2020-10-29 16:38:10,517 [INFO] enter_text_by_xpath: entering the following text: Smith
2020-10-29 16:38:12,625 [INFO] enter_lastname: Last name entered Smith
2020-10-29 16:38:12,672 [INFO] enter_text_by_xpath: entering the following text: $Password001
2020-10-29 16:38:14,757 [INFO] create_password: Password entered $Password001
2020-10-29 16:38:16,856 [INFO] select_day: Selected: 15
2020-10-29 16:38:18,948 [INFO] select_month: Selected: 2
2020-10-29 16:38:21,034 [INFO] select_year: Selected: 1988
2020-10-29 16:38:21,075 [INFO] enter_text_by_xpath: entering the following text: 1111 86th St
2020-10-29 16:38:23,173 [INFO] input_address: Address entered 1111 86th St
2020-10-29 16:38:23,216 [INFO] enter_text_by_xpath: entering the following text: Brooklyn
2020-10-29 16:38:25,296 [INFO] input_city: City entered Brooklyn
2020-10-29 16:38:27,389 [INFO] click_state: Selected: 32 value
2020-10-29 16:38:27,429 [INFO] enter_text_by_xpath: entering the following text: 11214
2020-10-29 16:38:29,514 [INFO] enter_zip: Zip code entered 11214
2020-10-29 16:38:29,568 [INFO] enter_text_by_xpath: entering the following text: 9999999999
2020-10-29 16:38:31,657 [INFO] enter_phone: Mobile phone entered 9999999999
2020-10-29 16:38:31,696 [INFO] click_element_by_xpath: clicking the element
2020-10-29 16:38:34,999 [INFO] driver: ******** This is the TEARDOWN steps after each of your scope *************
2020-10-29 16:38:35,009 [INFO] driver: Current url: http://automationpractice.com/index.php?controller=my-account
2020-10-29 16:38:35,016 [INFO] driver: Current title: My account - My Store
2020-10-29 16:38:35,018 [INFO] driver: Current win_handle: CDwindow-A146BF8AA33B2114DF7E0D2480A33E3B
2020-10-29 16:38:35,018 [INFO] driver: Current name: chrome
2020-10-29 16:38:35,201 [INFO] driver: browser is closed
2020-10-29 16:38:35,202 [INFO] driver: ******** TEARDOWN completed *************
2020-10-29 16:39:22,967 [INFO] driver: ********** This is the SETUP fixture to run before your scope of your fixture **********
2020-10-29 16:39:26,105 [INFO] test_createaccount_case1: test_createaccount started ...
2020-10-29 16:39:26,106 [ERROR] test_createaccount_case1: I am an exceptional case
2020-10-29 16:39:26,106 [WARNING] test_createaccount_case1: Something does not seem to be right, but not an error
2020-10-29 16:39:26,106 [CRITICAL] test_createaccount_case1: WOUUUW STOP NOW, CAN NOT RUN ANYTHING
2020-10-29 16:39:29,083 [INFO] click_element_by_xpath: clicking the element
2020-10-29 16:39:32,405 [INFO] enter_text_by_xpath: entering the following text: 124564bcde@email.com
2020-10-29 16:39:32,631 [INFO] enter_email: email entered 124564bcde@email.com
2020-10-29 16:39:32,676 [INFO] click_element_by_xpath: clicking the element
2020-10-29 16:39:38,318 [INFO] driver: ******** This is the TEARDOWN steps after each of your scope *************
2020-10-29 16:39:38,319 [WARNING] urlopen: Retrying (Retry(total=2, connect=None, read=None, redirect=None, status=None)) after connection broken by 'NewConnectionError('<urllib3.connection.HTTPConnection object at 0x7f7fddc52c70>: Failed to establish a new connection: [Errno 61] Connection refused')': /session/4920416be9fc8fcbc18696fa9edfecbc/url
2020-10-29 16:39:38,319 [WARNING] urlopen: Retrying (Retry(total=1, connect=None, read=None, redirect=None, status=None)) after connection broken by 'NewConnectionError('<urllib3.connection.HTTPConnection object at 0x7f7fddc52c40>: Failed to establish a new connection: [Errno 61] Connection refused')': /session/4920416be9fc8fcbc18696fa9edfecbc/url
2020-10-29 16:39:38,320 [WARNING] urlopen: Retrying (Retry(total=0, connect=None, read=None, redirect=None, status=None)) after connection broken by 'NewConnectionError('<urllib3.connection.HTTPConnection object at 0x7f7fddc52f70>: Failed to establish a new connection: [Errno 61] Connection refused')': /session/4920416be9fc8fcbc18696fa9edfecbc/url
2020-10-29 16:39:41,671 [INFO] driver: ********** This is the SETUP fixture to run before your scope of your fixture **********
2020-10-29 16:39:44,240 [INFO] test_createaccount_case1: test_createaccount started ...
2020-10-29 16:39:44,240 [ERROR] test_createaccount_case1: I am an exceptional case
2020-10-29 16:39:44,240 [WARNING] test_createaccount_case1: Something does not seem to be right, but not an error
2020-10-29 16:39:44,240 [CRITICAL] test_createaccount_case1: WOUUUW STOP NOW, CAN NOT RUN ANYTHING
2020-10-29 16:39:46,756 [INFO] click_element_by_xpath: clicking the element
2020-10-29 16:39:49,819 [INFO] enter_text_by_xpath: entering the following text: 124o564bcde@email.com
2020-10-29 16:39:49,992 [INFO] enter_email: email entered 124o564bcde@email.com
2020-10-29 16:39:50,029 [INFO] click_element_by_xpath: clicking the element
2020-10-29 16:39:52,151 [INFO] click_element_by_xpath: clicking the element
2020-10-29 16:39:54,239 [INFO] enter_text_by_xpath: entering the following text: Alexa
2020-10-29 16:39:56,324 [INFO] enter_name: First name entered Alexa
2020-10-29 16:39:56,363 [INFO] enter_text_by_xpath: entering the following text: Smith
2020-10-29 16:39:58,432 [INFO] enter_lastname: Last name entered Smith
2020-10-29 16:39:58,475 [INFO] enter_text_by_xpath: entering the following text: $Password001
2020-10-29 16:40:00,566 [INFO] create_password: Password entered $Password001
2020-10-29 16:40:02,665 [INFO] select_day: Selected: 15
2020-10-29 16:40:04,758 [INFO] select_month: Selected: 2
2020-10-29 16:40:06,846 [INFO] select_year: Selected: 1988
2020-10-29 16:40:06,885 [INFO] enter_text_by_xpath: entering the following text: 1111 86th St
2020-10-29 16:40:08,993 [INFO] input_address: Address entered 1111 86th St
2020-10-29 16:40:09,040 [INFO] enter_text_by_xpath: entering the following text: Brooklyn
2020-10-29 16:40:11,114 [INFO] input_city: City entered Brooklyn
2020-10-29 16:40:13,199 [INFO] click_state: Selected: 32 value
2020-10-29 16:40:13,240 [INFO] enter_text_by_xpath: entering the following text: 11214
2020-10-29 16:40:15,317 [INFO] enter_zip: Zip code entered 11214
2020-10-29 16:40:15,360 [INFO] enter_text_by_xpath: entering the following text: 9999999999
2020-10-29 16:40:17,466 [INFO] enter_phone: Mobile phone entered 9999999999
2020-10-29 16:40:17,508 [INFO] click_element_by_xpath: clicking the element
2020-10-29 16:40:52,770 [INFO] driver: ******** This is the TEARDOWN steps after each of your scope *************
2020-10-29 16:40:52,779 [INFO] driver: Current url: http://automationpractice.com/index.php?controller=my-account
2020-10-29 16:40:52,787 [INFO] driver: Current title: My account - My Store
2020-10-29 16:40:52,789 [INFO] driver: Current win_handle: CDwindow-63AE33EFBCFFCBC78DA4E79A1D650A4B
2020-10-29 16:40:52,789 [INFO] driver: Current name: chrome
2020-10-29 16:40:53,032 [INFO] driver: browser is closed
2020-10-29 16:40:53,032 [INFO] driver: ******** TEARDOWN completed *************
2020-10-29 16:51:51,159 [INFO] driver: ********** This is the SETUP fixture to run before your scope of your fixture **********
2020-10-29 16:51:54,589 [INFO] test_createaccount_case1: test_createaccount started ...
2020-10-29 16:51:54,590 [ERROR] test_createaccount_case1: I am an exceptional case
2020-10-29 16:51:54,590 [WARNING] test_createaccount_case1: Something does not seem to be right, but not an error
2020-10-29 16:51:54,590 [CRITICAL] test_createaccount_case1: WOUUUW STOP NOW, CAN NOT RUN ANYTHING
2020-10-29 16:51:57,727 [INFO] click_element_by_xpath: clicking the element
2020-10-29 16:52:02,993 [INFO] take_screenshot: screenshot was taken and completed.
2020-10-29 16:52:03,025 [INFO] enter_text_by_xpath: entering the following text: 321@email.com
2020-10-29 16:52:03,166 [INFO] enter_email: email entered 321@email.com
2020-10-29 16:52:03,743 [INFO] take_screenshot: screenshot was taken and completed.
2020-10-29 16:52:03,773 [INFO] click_element_by_xpath: clicking the element
2020-10-29 16:52:06,319 [INFO] click_element_by_xpath: clicking the element
2020-10-29 16:52:08,411 [INFO] enter_text_by_xpath: entering the following text: Alexa
2020-10-29 16:52:10,499 [INFO] enter_name: First name entered Alexa
2020-10-29 16:52:10,541 [INFO] enter_text_by_xpath: entering the following text: Smith
2020-10-29 16:52:12,607 [INFO] enter_lastname: Last name entered Smith
2020-10-29 16:52:12,646 [INFO] enter_text_by_xpath: entering the following text: $Password001
2020-10-29 16:52:14,733 [INFO] create_password: Password entered $Password001
2020-10-29 16:52:16,830 [INFO] select_day: Selected: 15
2020-10-29 16:52:18,910 [INFO] select_month: Selected: 2
2020-10-29 16:52:21,003 [INFO] select_year: Selected: 1988
2020-10-29 16:52:21,049 [INFO] enter_text_by_xpath: entering the following text: 1111 86th St
2020-10-29 16:52:23,161 [INFO] input_address: Address entered 1111 86th St
2020-10-29 16:52:23,203 [INFO] enter_text_by_xpath: entering the following text: Brooklyn
2020-10-29 16:52:25,274 [INFO] input_city: City entered Brooklyn
2020-10-29 16:52:27,366 [INFO] click_state: Selected: 32 value
2020-10-29 16:52:27,405 [INFO] enter_text_by_xpath: entering the following text: 11214
2020-10-29 16:52:29,471 [INFO] enter_zip: Zip code entered 11214
2020-10-29 16:52:29,513 [INFO] enter_text_by_xpath: entering the following text: 9999999999
2020-10-29 16:52:31,593 [INFO] enter_phone: Mobile phone entered 9999999999
2020-10-29 16:52:32,055 [INFO] take_screenshot: screenshot was taken and completed.
2020-10-29 16:52:32,084 [INFO] click_element_by_xpath: clicking the element
2020-10-29 16:52:35,898 [INFO] take_screenshot: screenshot was taken and completed.
2020-10-29 16:53:08,001 [INFO] driver: ******** This is the TEARDOWN steps after each of your scope *************
2020-10-29 16:53:08,015 [INFO] driver: Current url: http://automationpractice.com/index.php?controller=my-account
2020-10-29 16:53:08,022 [INFO] driver: Current title: My account - My Store
2020-10-29 16:53:08,024 [INFO] driver: Current win_handle: CDwindow-7B5883E5578EFB4936FB3AEEB1D9BE40
2020-10-29 16:53:08,024 [INFO] driver: Current name: chrome
2020-10-29 16:53:08,250 [INFO] driver: browser is closed
2020-10-29 16:53:08,250 [INFO] driver: ******** TEARDOWN completed *************
2020-10-29 16:55:49,791 [INFO] driver: ********** This is the SETUP fixture to run before your scope of your fixture **********
2020-10-29 16:55:53,146 [INFO] test_createaccount_case1: test_createaccount started ...
2020-10-29 16:55:53,147 [ERROR] test_createaccount_case1: I am an exceptional case
2020-10-29 16:55:53,147 [WARNING] test_createaccount_case1: Something does not seem to be right, but not an error
2020-10-29 16:55:53,147 [CRITICAL] test_createaccount_case1: WOUUUW STOP NOW, CAN NOT RUN ANYTHING
2020-10-29 16:55:56,060 [INFO] click_element_by_xpath: clicking the element
2020-10-29 16:55:59,730 [INFO] take_screenshot: screenshot was taken and completed.
2020-10-29 16:55:59,762 [INFO] enter_text_by_xpath: entering the following text: 321@email.com
2020-10-29 16:55:59,896 [INFO] enter_email: email entered 321@email.com
2020-10-29 16:56:00,498 [INFO] take_screenshot: screenshot was taken and completed.
2020-10-29 16:56:00,526 [INFO] click_element_by_xpath: clicking the element
2020-10-29 16:56:13,147 [INFO] driver: ******** This is the TEARDOWN steps after each of your scope *************
2020-10-29 16:56:13,148 [WARNING] urlopen: Retrying (Retry(total=2, connect=None, read=None, redirect=None, status=None)) after connection broken by 'NewConnectionError('<urllib3.connection.HTTPConnection object at 0x7ff4fe523c40>: Failed to establish a new connection: [Errno 61] Connection refused')': /session/aea56a4144325b99e82ddcfe365c1807/url
2020-10-29 16:56:13,149 [WARNING] urlopen: Retrying (Retry(total=1, connect=None, read=None, redirect=None, status=None)) after connection broken by 'NewConnectionError('<urllib3.connection.HTTPConnection object at 0x7ff4fe523f40>: Failed to establish a new connection: [Errno 61] Connection refused')': /session/aea56a4144325b99e82ddcfe365c1807/url
2020-10-29 16:56:13,150 [WARNING] urlopen: Retrying (Retry(total=0, connect=None, read=None, redirect=None, status=None)) after connection broken by 'NewConnectionError('<urllib3.connection.HTTPConnection object at 0x7ff4fe523d60>: Failed to establish a new connection: [Errno 61] Connection refused')': /session/aea56a4144325b99e82ddcfe365c1807/url
2020-10-29 16:56:19,385 [INFO] driver: ********** This is the SETUP fixture to run before your scope of your fixture **********
2020-10-29 16:56:21,989 [INFO] test_createaccount_case1: test_createaccount started ...
2020-10-29 16:56:21,989 [ERROR] test_createaccount_case1: I am an exceptional case
2020-10-29 16:56:21,990 [WARNING] test_createaccount_case1: Something does not seem to be right, but not an error
2020-10-29 16:56:21,990 [CRITICAL] test_createaccount_case1: WOUUUW STOP NOW, CAN NOT RUN ANYTHING
2020-10-29 16:56:24,603 [INFO] click_element_by_xpath: clicking the element
2020-10-29 16:56:28,158 [INFO] take_screenshot: screenshot was taken and completed.
2020-10-29 16:56:28,189 [INFO] enter_text_by_xpath: entering the following text: 3210@email.com
2020-10-29 16:56:28,342 [INFO] enter_email: email entered 3210@email.com
2020-10-29 16:56:28,927 [INFO] take_screenshot: screenshot was taken and completed.
2020-10-29 16:56:28,957 [INFO] click_element_by_xpath: clicking the element
2020-10-29 16:56:31,398 [INFO] click_element_by_xpath: clicking the element
2020-10-29 16:56:33,486 [INFO] enter_text_by_xpath: entering the following text: Alexa
2020-10-29 16:56:35,568 [INFO] enter_name: First name entered Alexa
2020-10-29 16:56:35,607 [INFO] enter_text_by_xpath: entering the following text: Smith
2020-10-29 16:56:37,679 [INFO] enter_lastname: Last name entered Smith
2020-10-29 16:56:37,721 [INFO] enter_text_by_xpath: entering the following text: $Password001
2020-10-29 16:56:39,822 [INFO] create_password: Password entered $Password001
2020-10-29 16:56:41,919 [INFO] select_day: Selected: 15
2020-10-29 16:56:44,010 [INFO] select_month: Selected: 2
2020-10-29 16:56:46,103 [INFO] select_year: Selected: 1988
2020-10-29 16:56:46,143 [INFO] enter_text_by_xpath: entering the following text: 1111 86th St
2020-10-29 16:56:48,264 [INFO] input_address: Address entered 1111 86th St
2020-10-29 16:56:48,303 [INFO] enter_text_by_xpath: entering the following text: Brooklyn
2020-10-29 16:56:50,397 [INFO] input_city: City entered Brooklyn
2020-10-29 16:56:52,484 [INFO] click_state: Selected: 32 value
2020-10-29 16:56:52,950 [INFO] take_screenshot: screenshot was taken and completed.
2020-10-29 16:56:52,979 [INFO] enter_text_by_xpath: entering the following text: 11214
2020-10-29 16:56:55,052 [INFO] enter_zip: Zip code entered 11214
2020-10-29 16:56:55,096 [INFO] enter_text_by_xpath: entering the following text: 9999999999
2020-10-29 16:56:57,183 [INFO] enter_phone: Mobile phone entered 9999999999
2020-10-29 16:56:57,642 [INFO] take_screenshot: screenshot was taken and completed.
2020-10-29 16:56:57,670 [INFO] click_element_by_xpath: clicking the element
2020-10-29 16:57:01,618 [INFO] take_screenshot: screenshot was taken and completed.
2020-10-29 16:57:03,698 [INFO] driver: ******** This is the TEARDOWN steps after each of your scope *************
2020-10-29 16:57:03,705 [INFO] driver: Current url: http://automationpractice.com/index.php?controller=my-account
2020-10-29 16:57:03,711 [INFO] driver: Current title: My account - My Store
2020-10-29 16:57:03,712 [INFO] driver: Current win_handle: CDwindow-D6C3629FF8D109EFCAAA248E32946622
2020-10-29 16:57:03,713 [INFO] driver: Current name: chrome
2020-10-29 16:57:03,938 [INFO] driver: browser is closed
2020-10-29 16:57:03,938 [INFO] driver: ******** TEARDOWN completed *************
2020-10-29 17:05:13,178 [INFO] driver: ********** This is the SETUP fixture to run before your scope of your fixture **********
2020-10-29 17:05:16,687 [INFO] test_createaccount_case1: test_createaccount started ...
2020-10-29 17:05:16,687 [ERROR] test_createaccount_case1: I am an exceptional case
2020-10-29 17:05:16,688 [WARNING] test_createaccount_case1: Something does not seem to be right, but not an error
2020-10-29 17:05:16,688 [CRITICAL] test_createaccount_case1: WOUUUW STOP NOW, CAN NOT RUN ANYTHING
2020-10-29 17:05:19,883 [INFO] click_element_by_xpath: clicking the element
2020-10-29 17:05:24,212 [INFO] take_screenshot: screenshot was taken and completed.
2020-10-29 17:05:24,242 [INFO] enter_text_by_xpath: entering the following text: 3213@email.com
2020-10-29 17:05:24,368 [INFO] enter_email: email entered 3213@email.com
2020-10-29 17:05:24,956 [INFO] take_screenshot: screenshot was taken and completed.
2020-10-29 17:05:24,986 [INFO] click_element_by_xpath: clicking the element
2020-10-29 17:05:27,604 [INFO] click_element_by_xpath: clicking the element
2020-10-29 17:05:29,694 [INFO] enter_text_by_xpath: entering the following text: Alexa
2020-10-29 17:05:31,778 [INFO] enter_name: First name entered Alexa
2020-10-29 17:05:31,820 [INFO] enter_text_by_xpath: entering the following text: Smith
2020-10-29 17:05:33,892 [INFO] enter_lastname: Last name entered Smith
2020-10-29 17:05:33,928 [INFO] enter_text_by_xpath: entering the following text: $Password001
2020-10-29 17:05:36,052 [INFO] create_password: Password entered $Password001
2020-10-29 17:05:38,153 [INFO] select_day: Selected: 15
2020-10-29 17:05:40,242 [INFO] select_month: Selected: 2
2020-10-29 17:05:42,330 [INFO] select_year: Selected: 1988
2020-10-29 17:05:42,371 [INFO] enter_text_by_xpath: entering the following text: 1111 86th St
2020-10-29 17:05:44,468 [INFO] input_address: Address entered 1111 86th St
2020-10-29 17:05:44,511 [INFO] enter_text_by_xpath: entering the following text: Brooklyn
2020-10-29 17:05:46,588 [INFO] input_city: City entered Brooklyn
2020-10-29 17:05:48,666 [INFO] click_state: Selected: 32 value
2020-10-29 17:05:49,127 [INFO] take_screenshot: screenshot was taken and completed.
2020-10-29 17:05:49,153 [INFO] enter_text_by_xpath: entering the following text: 11214
2020-10-29 17:05:51,248 [INFO] enter_zip: Zip code entered 11214
2020-10-29 17:05:51,289 [INFO] enter_text_by_xpath: entering the following text: 9999999999
2020-10-29 17:05:53,376 [INFO] enter_phone: Mobile phone entered 9999999999
2020-10-29 17:05:53,835 [INFO] take_screenshot: screenshot was taken and completed.
2020-10-29 17:05:53,863 [INFO] click_element_by_xpath: clicking the element
2020-10-29 17:05:57,444 [INFO] take_screenshot: screenshot was taken and completed.
2020-10-29 17:05:59,611 [INFO] driver: ******** This is the TEARDOWN steps after each of your scope *************
2020-10-29 17:05:59,616 [INFO] driver: Current url: http://automationpractice.com/index.php?controller=my-account
2020-10-29 17:05:59,620 [INFO] driver: Current title: My account - My Store
2020-10-29 17:05:59,621 [INFO] driver: Current win_handle: CDwindow-9F9FEFF064724CD7B846967A38988F68
2020-10-29 17:05:59,622 [INFO] driver: Current name: chrome
2020-10-29 17:05:59,832 [INFO] driver: browser is closed
2020-10-29 17:05:59,833 [INFO] driver: ******** TEARDOWN completed *************
2020-10-29 17:06:54,727 [INFO] driver: ********** This is the SETUP fixture to run before your scope of your fixture **********
2020-10-29 17:06:57,951 [INFO] test_createaccount_case1: test_createaccount started ...
2020-10-29 17:06:57,952 [ERROR] test_createaccount_case1: I am an exceptional case
2020-10-29 17:06:57,952 [WARNING] test_createaccount_case1: Something does not seem to be right, but not an error
2020-10-29 17:06:57,952 [CRITICAL] test_createaccount_case1: WOUUUW STOP NOW, CAN NOT RUN ANYTHING
2020-10-29 17:07:01,846 [INFO] click_element_by_xpath: clicking the element
2020-10-29 17:07:05,914 [INFO] take_screenshot: screenshot was taken and completed.
2020-10-29 17:07:05,950 [INFO] enter_text_by_xpath: entering the following text: 3211@email.com
2020-10-29 17:07:06,142 [INFO] enter_email: email entered 3211@email.com
2020-10-29 17:07:06,815 [INFO] take_screenshot: screenshot was taken and completed.
2020-10-29 17:07:06,843 [INFO] click_element_by_xpath: clicking the element
2020-10-29 17:07:08,944 [INFO] click_element_by_xpath: clicking the element
2020-10-29 17:07:11,085 [INFO] enter_text_by_xpath: entering the following text: Alexa
2020-10-29 17:07:13,207 [INFO] enter_name: First name entered Alexa
2020-10-29 17:07:13,267 [INFO] enter_text_by_xpath: entering the following text: Smith
2020-10-29 17:07:15,528 [INFO] enter_lastname: Last name entered Smith
2020-10-29 17:07:15,589 [INFO] enter_text_by_xpath: entering the following text: $Password001
2020-10-29 17:07:17,736 [INFO] create_password: Password entered $Password001
2020-10-29 17:07:19,878 [INFO] select_day: Selected: 15
2020-10-29 17:07:22,064 [INFO] select_month: Selected: 2
2020-10-29 17:07:24,168 [INFO] select_year: Selected: 1988
2020-10-29 17:07:24,217 [INFO] enter_text_by_xpath: entering the following text: 1111 86th St
2020-10-29 17:07:26,319 [INFO] input_address: Address entered 1111 86th St
2020-10-29 17:07:26,362 [INFO] enter_text_by_xpath: entering the following text: Brooklyn
2020-10-29 17:07:28,447 [INFO] input_city: City entered Brooklyn
2020-10-29 17:07:30,543 [INFO] click_state: Selected: 32 value
2020-10-29 17:07:31,062 [INFO] take_screenshot: screenshot was taken and completed.
2020-10-29 17:07:31,091 [INFO] enter_text_by_xpath: entering the following text: 11214
2020-10-29 17:07:33,169 [INFO] enter_zip: Zip code entered 11214
2020-10-29 17:07:33,216 [INFO] enter_text_by_xpath: entering the following text: 9999999999
2020-10-29 17:07:35,332 [INFO] enter_phone: Mobile phone entered 9999999999
2020-10-29 17:07:35,872 [INFO] take_screenshot: screenshot was taken and completed.
2020-10-29 17:07:35,918 [INFO] click_element_by_xpath: clicking the element
2020-10-29 17:07:39,906 [INFO] take_screenshot: screenshot was taken and completed.
2020-10-29 17:07:41,985 [INFO] driver: ******** This is the TEARDOWN steps after each of your scope *************
2020-10-29 17:07:41,994 [INFO] driver: Current url: http://automationpractice.com/index.php?controller=my-account
2020-10-29 17:07:42,003 [INFO] driver: Current title: My account - My Store
2020-10-29 17:07:42,005 [INFO] driver: Current win_handle: CDwindow-4E80233138444F444B7602FEF3960BC1
2020-10-29 17:07:42,005 [INFO] driver: Current name: chrome
2020-10-29 17:07:42,180 [INFO] driver: browser is closed
2020-10-29 17:07:42,181 [INFO] driver: ******** TEARDOWN completed *************
