2020-10-12 15:11:37,780 [INFO] driver: ********** This is the SETUP fixture to run before your scope of your fixture **********
2020-10-12 15:11:42,528 [INFO] test_createaccount_case1: test_createaccount started ...
2020-10-12 15:11:42,535 [ERROR] test_createaccount_case1: I am an exceptional case
2020-10-12 15:11:42,536 [WARNING] test_createaccount_case1: Something does not seem to be right, but not an error
2020-10-12 15:11:42,536 [CRITICAL] test_createaccount_case1: WOUUUW STOP NOW, CAN NOT RUN ANYTHING
2020-10-12 15:11:46,130 [INFO] click_element_by_xpath: clicking the element
2020-10-12 15:11:49,237 [INFO] enter_text_by_xpath: entering thje following text: uy776@email.com
2020-10-12 15:11:49,388 [INFO] enter_email: email entered uy776@email.com
2020-10-12 15:11:49,418 [INFO] click_element_by_xpath: clicking the element
2020-10-12 15:11:51,911 [INFO] click_element_by_xpath: clicking the element
2020-10-12 15:11:54,000 [INFO] enter_text_by_xpath: entering thje following text: Alex
2020-10-12 15:11:56,077 [INFO] enter_name: First name entered Alex
2020-10-12 15:11:56,114 [INFO] enter_text_by_xpath: entering thje following text: Smith
2020-10-12 15:11:58,174 [INFO] enter_lastname: Last name entered Smith
2020-10-12 15:11:58,211 [INFO] enter_text_by_xpath: entering thje following text: $Password001
2020-10-12 15:12:00,287 [INFO] create_password: Password entered $Password001
2020-10-12 15:12:10,725 [INFO] driver: ******** This is the TEARDOWN steps after each of your scope *************
2020-10-12 15:12:10,731 [INFO] driver: Current url: http://automationpractice.com/index.php?controller=authentication&back=my-account#account-creation
2020-10-12 15:12:10,736 [INFO] driver: Current title: Login - My Store
2020-10-12 15:12:10,737 [INFO] driver: Current win_handle: CDwindow-579D26A67AE46C1184D48056DB9E501D
2020-10-12 15:12:10,738 [INFO] driver: Current name: chrome
2020-10-12 15:12:10,878 [INFO] driver: browser is closed
2020-10-12 15:12:10,878 [INFO] driver: ******** TEARDOWN completed *************
2020-10-12 15:13:43,939 [INFO] driver: ********** This is the SETUP fixture to run before your scope of your fixture **********
2020-10-12 15:13:46,437 [INFO] test_createaccount_case1: test_createaccount started ...
2020-10-12 15:13:46,437 [ERROR] test_createaccount_case1: I am an exceptional case
2020-10-12 15:13:46,438 [WARNING] test_createaccount_case1: Something does not seem to be right, but not an error
2020-10-12 15:13:46,438 [CRITICAL] test_createaccount_case1: WOUUUW STOP NOW, CAN NOT RUN ANYTHING
2020-10-12 15:13:50,730 [INFO] click_element_by_xpath: clicking the element
2020-10-12 15:13:54,346 [INFO] enter_text_by_xpath: entering thje following text: uy776@email.com
2020-10-12 15:13:54,466 [INFO] enter_email: email entered uy776@email.com
2020-10-12 15:13:54,493 [INFO] click_element_by_xpath: clicking the element
2020-10-12 15:13:56,580 [INFO] click_element_by_xpath: clicking the element
2020-10-12 15:13:58,661 [INFO] enter_text_by_xpath: entering thje following text: Alex
2020-10-12 15:14:00,739 [INFO] enter_name: First name entered Alex
2020-10-12 15:14:00,780 [INFO] enter_text_by_xpath: entering thje following text: Smith
2020-10-12 15:14:02,846 [INFO] enter_lastname: Last name entered Smith
2020-10-12 15:14:02,882 [INFO] enter_text_by_xpath: entering thje following text: $Password001
2020-10-12 15:14:04,949 [INFO] create_password: Password entered $Password001
2020-10-12 15:14:15,033 [INFO] driver: ******** This is the TEARDOWN steps after each of your scope *************
2020-10-12 15:14:15,038 [INFO] driver: Current url: http://automationpractice.com/index.php?controller=authentication&back=my-account#account-creation
2020-10-12 15:14:15,043 [INFO] driver: Current title: Login - My Store
2020-10-12 15:14:15,044 [INFO] driver: Current win_handle: CDwindow-20128BB89574944C8F3B43232237FC06
2020-10-12 15:14:15,044 [INFO] driver: Current name: chrome
2020-10-12 15:14:15,183 [INFO] driver: browser is closed
2020-10-12 15:14:15,183 [INFO] driver: ******** TEARDOWN completed *************
